<?xml version="1.0" encoding="UTF-8"?>
<!-- Generated by org.testng.reporters.JUnitXMLReporter -->
<testsuite ignored="2" hostname="DESKTOP-GQLF889" failures="0" tests="1" name="Default test" time="14.716" errors="0" timestamp="2020-12-21T20:40:34 EET">
  <testcase classname="testcases.Ipod" name="openIpodNanoItem" time="6.019"/>
  <testcase classname="testcases.Ipod" name="openIpodClassicItem" time="0.0">
    <ignored/>
  </testcase> <!-- openIpodClassicItem -->
  <testcase classname="testcases.Ipod" name="findAllMp3List" time="0.0">
    <ignored/>
  </testcase> <!-- findAllMp3List -->
</testsuite> <!-- Default test -->
