<?xml version="1.0" encoding="UTF-8"?>
<testng-results ignored="2" total="3" passed="1" failed="0" skipped="0">
  <reporter-output>
  </reporter-output>
  <suite started-at="2020-12-21T20:40:19 EET" name="Default suite" finished-at="2020-12-21T20:40:34 EET" duration-ms="14716">
    <groups>
      <group name="smoke">
        <method signature="Ipod.openIpodNanoItem()[pri:0, instance:testcases.Ipod@306cf3ea]" name="openIpodNanoItem" class="testcases.Ipod"/>
      </group> <!-- smoke -->
    </groups>
    <test started-at="2020-12-21T20:40:19 EET" name="Default test" finished-at="2020-12-21T20:40:34 EET" duration-ms="14716">
      <class name="testcases.Ipod">
        <test-method is-config="true" signature="beforeClass()[pri:0, instance:testcases.Ipod@306cf3ea]" started-at="2020-12-21T20:40:19 EET" name="beforeClass" finished-at="2020-12-21T20:40:28 EET" duration-ms="8655" status="PASS">
          <reporter-output>
          </reporter-output>
        </test-method> <!-- beforeClass -->
        <test-method signature="openIpodNanoItem()[pri:0, instance:testcases.Ipod@306cf3ea]" started-at="2020-12-21T20:40:28 EET" name="openIpodNanoItem" finished-at="2020-12-21T20:40:34 EET" duration-ms="6019" status="PASS">
          <reporter-output>
          </reporter-output>
        </test-method> <!-- openIpodNanoItem -->
        <test-method is-config="true" signature="afterClass()[pri:0, instance:testcases.Ipod@306cf3ea]" started-at="2020-12-21T20:40:34 EET" name="afterClass" finished-at="2020-12-21T20:40:34 EET" duration-ms="0" status="PASS">
          <reporter-output>
          </reporter-output>
        </test-method> <!-- afterClass -->
      </class> <!-- testcases.Ipod -->
    </test> <!-- Default test -->
  </suite> <!-- Default suite -->
</testng-results>
